[2026-05-18 00:13:11] Panel user data not found for invoice | {"id_invoice":"83f3fbe18909de1a","username":"g6g8o5o1","panel":"پنل اول","response":{"status":"Unsuccessful","msg":"empty or unexpected response from panel"}}
[2026-05-18 00:16:12] Panel user data not found for invoice | {"id_invoice":"83f3fbe18909de1a","username":"g6g8o5o1","panel":"پنل اول","response":{"status":"Unsuccessful","msg":"empty or unexpected response from panel"}}
[2026-05-18 00:30:20] Panel user data not found for invoice | {"id_invoice":"a5568ace1f749c3e","username":"g6g8o5o1","panel":"پنل اول","response":{"status":"Unsuccessful","msg":"empty or unexpected response from panel"}}
[2026-05-18 00:40:09] Panel user data not found for invoice | {"id_invoice":"a5568ace1f749c3e","username":"g6g8o5o1","panel":"پنل اول","response":{"status":"Unsuccessful","msg":"empty or unexpected response from panel"}}
[2026-05-18 01:00:15] Panel user data not found for invoice | {"id_invoice":"a5568ace1f749c3e","username":"g6g8o5o1","panel":"پنل اول","response":{"status":"Unsuccessful","msg":"empty or unexpected response from panel"}}
[2026-05-18 01:10:14] Panel user data not found for invoice | {"id_invoice":"a5568ace1f749c3e","username":"g6g8o5o1","panel":"پنل اول","response":{"status":"Unsuccessful","msg":"empty or unexpected response from panel"}}
[2026-05-18 01:40:19] Panel user data not found for invoice | {"id_invoice":"a5568ace1f749c3e","username":"g6g8o5o1","panel":"پنل اول","response":{"status":"Unsuccessful","msg":"empty or unexpected response from panel"}}
[2026-05-18 02:05:10] Panel user data not found for invoice | {"id_invoice":"a5568ace1f749c3e","username":"g6g8o5o1","panel":"پنل اول","response":{"status":"Unsuccessful","msg":"empty or unexpected response from panel"}}
[2026-05-18 02:10:14] Panel user data not found for invoice | {"id_invoice":"a5568ace1f749c3e","username":"g6g8o5o1","panel":"پنل اول","response":{"status":"Unsuccessful","msg":"empty or unexpected response from panel"}}
[2026-05-18 02:20:10] Panel user data not found for invoice | {"id_invoice":"a5568ace1f749c3e","username":"g6g8o5o1","panel":"پنل اول","response":{"status":"Unsuccessful","msg":"empty or unexpected response from panel"}}
[2026-05-18 02:30:10] Panel user data not found for invoice | {"id_invoice":"a5568ace1f749c3e","username":"g6g8o5o1","panel":"پنل اول","response":{"status":"Unsuccessful","msg":"empty or unexpected response from panel"}}
[2026-05-18 02:55:13] Panel user data not found for invoice | {"id_invoice":"a5568ace1f749c3e","username":"g6g8o5o1","panel":"پنل اول","response":{"status":"Unsuccessful","msg":"empty or unexpected response from panel"}}
[2026-05-18 03:15:11] Panel user data not found for invoice | {"id_invoice":"a5568ace1f749c3e","username":"g6g8o5o1","panel":"پنل اول","response":{"status":"Unsuccessful","msg":"empty or unexpected response from panel"}}
[2026-05-18 03:25:20] Panel user data not found for invoice | {"id_invoice":"a5568ace1f749c3e","username":"g6g8o5o1","panel":"پنل اول","response":{"status":"Unsuccessful","msg":"empty or unexpected response from panel"}}
[2026-05-18 03:35:52] Panel user data not found for invoice | {"id_invoice":"a5568ace1f749c3e","username":"g6g8o5o1","panel":"پنل اول","response":{"status":"Unsuccessful","msg":"empty or unexpected response from panel"}}
[2026-05-18 04:00:10] Panel user data not found for invoice | {"id_invoice":"a5568ace1f749c3e","username":"g6g8o5o1","panel":"پنل اول","response":{"status":"Unsuccessful","msg":"empty or unexpected response from panel"}}
[2026-05-18 04:20:13] Panel user data not found for invoice | {"id_invoice":"a5568ace1f749c3e","username":"g6g8o5o1","panel":"پنل اول","response":{"status":"Unsuccessful","msg":"empty or unexpected response from panel"}}
[2026-05-18 04:50:19] Panel user data not found for invoice | {"id_invoice":"a5568ace1f749c3e","username":"g6g8o5o1","panel":"پنل اول","response":{"status":"Unsuccessful","msg":"empty or unexpected response from panel"}}
[2026-05-18 05:10:51] Panel user data not found for invoice | {"id_invoice":"a5568ace1f749c3e","username":"g6g8o5o1","panel":"پنل اول","response":{"status":"Unsuccessful","msg":"empty or unexpected response from panel"}}
[2026-05-18 05:20:14] Panel user data not found for invoice | {"id_invoice":"a5568ace1f749c3e","username":"g6g8o5o1","panel":"پنل اول","response":{"status":"Unsuccessful","msg":"empty or unexpected response from panel"}}
[2026-05-18 05:25:19] Panel user data not found for invoice | {"id_invoice":"a5568ace1f749c3e","username":"g6g8o5o1","panel":"پنل اول","response":{"status":"Unsuccessful","msg":"empty or unexpected response from panel"}}
[2026-05-18 05:30:27] Panel user data not found for invoice | {"id_invoice":"a5568ace1f749c3e","username":"g6g8o5o1","panel":"پنل اول","response":{"status":"Unsuccessful","msg":"empty or unexpected response from panel"}}
[2026-05-18 05:35:09] Panel user data not found for invoice | {"id_invoice":"a5568ace1f749c3e","username":"g6g8o5o1","panel":"پنل اول","response":{"status":"Unsuccessful","msg":"empty or unexpected response from panel"}}
[2026-05-18 05:40:11] Panel user data not found for invoice | {"id_invoice":"a5568ace1f749c3e","username":"g6g8o5o1","panel":"پنل اول","response":{"status":"Unsuccessful","msg":"empty or unexpected response from panel"}}
[2026-05-18 05:45:13] Panel user data not found for invoice | {"id_invoice":"a5568ace1f749c3e","username":"g6g8o5o1","panel":"پنل اول","response":{"status":"Unsuccessful","msg":"empty or unexpected response from panel"}}
[2026-05-18 05:55:32] Panel user data not found for invoice | {"id_invoice":"a5568ace1f749c3e","username":"g6g8o5o1","panel":"پنل اول","response":{"status":"Unsuccessful","msg":"empty or unexpected response from panel"}}
[2026-05-18 06:15:17] Panel user data not found for invoice | {"id_invoice":"a5568ace1f749c3e","username":"g6g8o5o1","panel":"پنل اول","response":{"status":"Unsuccessful","msg":"empty or unexpected response from panel"}}
[2026-05-18 06:20:11] Panel user data not found for invoice | {"id_invoice":"a5568ace1f749c3e","username":"g6g8o5o1","panel":"پنل اول","response":{"status":"Unsuccessful","msg":"empty or unexpected response from panel"}}
[2026-05-18 06:40:10] Panel user data not found for invoice | {"id_invoice":"a5568ace1f749c3e","username":"g6g8o5o1","panel":"پنل اول","response":{"status":"Unsuccessful","msg":"empty or unexpected response from panel"}}
[2026-05-18 06:50:11] Panel user data not found for invoice | {"id_invoice":"a5568ace1f749c3e","username":"g6g8o5o1","panel":"پنل اول","response":{"status":"Unsuccessful","msg":"empty or unexpected response from panel"}}
[2026-05-18 06:55:22] Panel user data not found for invoice | {"id_invoice":"a5568ace1f749c3e","username":"g6g8o5o1","panel":"پنل اول","response":{"status":"Unsuccessful","msg":"empty or unexpected response from panel"}}
[2026-05-18 07:05:09] Panel user data not found for invoice | {"id_invoice":"a5568ace1f749c3e","username":"g6g8o5o1","panel":"پنل اول","response":{"status":"Unsuccessful","msg":"empty or unexpected response from panel"}}
[2026-05-18 07:20:10] Panel user data not found for invoice | {"id_invoice":"a5568ace1f749c3e","username":"g6g8o5o1","panel":"پنل اول","response":{"status":"Unsuccessful","msg":"empty or unexpected response from panel"}}
[2026-05-18 07:45:15] Panel user data not found for invoice | {"id_invoice":"a5568ace1f749c3e","username":"g6g8o5o1","panel":"پنل اول","response":{"status":"Unsuccessful","msg":"empty or unexpected response from panel"}}
[2026-05-18 07:51:08] Panel user data not found for invoice | {"id_invoice":"a0d1214ca65a602f","username":"05tv9hdc","panel":"پنل اول","response":{"status":"Unsuccessful","msg":"empty or unexpected response from panel"}}
[2026-05-18 08:20:16] Panel user data not found for invoice | {"id_invoice":"b381","username":"1201211766_39f3","panel":"پنل اول","response":{"status":"Unsuccessful","msg":"empty or unexpected response from panel"}}
[2026-05-18 08:30:23] Panel user data not found for invoice | {"id_invoice":"b381","username":"1201211766_39f3","panel":"پنل اول","response":{"status":"Unsuccessful","msg":"empty or unexpected response from panel"}}
[2026-05-18 08:55:16] Panel user data not found for invoice | {"id_invoice":"b381","username":"1201211766_39f3","panel":"پنل اول","response":{"status":"Unsuccessful","msg":"empty or unexpected response from panel"}}
[2026-05-18 09:10:10] Panel user data not found for invoice | {"id_invoice":"0dc2599eb459e6f6","username":"q6w3kjtw","panel":"پنل دوم","response":{"status":"Unsuccessful","msg":"empty or unexpected response from panel"}}
[2026-05-18 09:20:23] Panel user data not found for invoice | {"id_invoice":"0dc2599eb459e6f6","username":"q6w3kjtw","panel":"پنل دوم","response":{"status":"Unsuccessful","msg":"empty or unexpected response from panel"}}
[2026-05-18 09:20:37] Panel user data not found for invoice | {"id_invoice":"8457edfd990c5e3d","username":"qzw3q3p5","panel":"پنل دوم","response":{"status":"Unsuccessful","msg":"empty or unexpected response from panel"}}
[2026-05-18 09:20:50] Panel user data not found for invoice | {"id_invoice":"c57fb141421e1504","username":"2skx5qfa","panel":"پنل اول","response":{"status":"Unsuccessful","msg":"empty or unexpected response from panel"}}
[2026-05-18 09:26:02] Panel user data not found for invoice | {"id_invoice":"c57fb141421e1504","username":"2skx5qfa","panel":"پنل اول","response":{"status":"Unsuccessful","msg":"empty or unexpected response from panel"}}
[2026-05-18 09:26:21] Panel user data not found for invoice | {"id_invoice":"b381","username":"1201211766_39f3","panel":"پنل اول","response":{"status":"Unsuccessful","msg":"empty or unexpected response from panel"}}
[2026-05-18 09:30:16] Panel user data not found for invoice | {"id_invoice":"0dc2599eb459e6f6","username":"q6w3kjtw","panel":"پنل دوم","response":{"status":"Unsuccessful","msg":"empty or unexpected response from panel"}}
[2026-05-18 09:35:53] Panel user data not found for invoice | {"id_invoice":"c57fb141421e1504","username":"2skx5qfa","panel":"پنل اول","response":{"status":"Unsuccessful","msg":"empty or unexpected response from panel"}}
[2026-05-18 09:46:28] Panel user data not found for invoice | {"id_invoice":"b381","username":"1201211766_39f3","panel":"پنل اول","response":{"status":"Unsuccessful","msg":"empty or unexpected response from panel"}}
[2026-05-18 09:50:42] Panel user data not found for invoice | {"id_invoice":"8457edfd990c5e3d","username":"qzw3q3p5","panel":"پنل دوم","response":{"status":"Unsuccessful","msg":"empty or unexpected response from panel"}}
[2026-05-18 09:50:58] Panel user data not found for invoice | {"id_invoice":"c57fb141421e1504","username":"2skx5qfa","panel":"پنل اول","response":{"status":"Unsuccessful","msg":"empty or unexpected response from panel"}}
[2026-05-18 09:51:34] Panel user data not found for invoice | {"id_invoice":"b381","username":"1201211766_39f3","panel":"پنل اول","response":{"status":"Unsuccessful","msg":"empty or unexpected response from panel"}}
[2026-05-18 09:55:38] Panel user data not found for invoice | {"id_invoice":"0dc2599eb459e6f6","username":"q6w3kjtw","panel":"پنل دوم","response":{"status":"Unsuccessful","msg":"empty or unexpected response from panel"}}
[2026-05-18 09:55:51] Panel user data not found for invoice | {"id_invoice":"8457edfd990c5e3d","username":"qzw3q3p5","panel":"پنل دوم","response":{"status":"Unsuccessful","msg":"empty or unexpected response from panel"}}
[2026-05-18 09:56:12] Panel user data not found for invoice | {"id_invoice":"c57fb141421e1504","username":"2skx5qfa","panel":"پنل اول","response":{"status":"Unsuccessful","msg":"empty or unexpected response from panel"}}
[2026-05-18 09:57:17] Panel user data not found for invoice | {"id_invoice":"b381","username":"1201211766_39f3","panel":"پنل اول","response":{"status":"Unsuccessful","msg":"empty or unexpected response from panel"}}
[2026-05-18 10:01:08] Panel user data not found for invoice | {"id_invoice":"8457edfd990c5e3d","username":"qzw3q3p5","panel":"پنل دوم","response":{"status":"Unsuccessful","msg":"empty or unexpected response from panel"}}
[2026-05-18 10:01:38] Panel user data not found for invoice | {"id_invoice":"b381","username":"1201211766_39f3","panel":"پنل اول","response":{"status":"Unsuccessful","msg":"empty or unexpected response from panel"}}
[2026-05-18 10:06:14] Panel user data not found for invoice | {"id_invoice":"c57fb141421e1504","username":"2skx5qfa","panel":"پنل اول","response":{"status":"Unsuccessful","msg":"empty or unexpected response from panel"}}
[2026-05-18 10:06:38] Panel user data not found for invoice | {"id_invoice":"b381","username":"1201211766_39f3","panel":"پنل اول","response":{"status":"Unsuccessful","msg":"empty or unexpected response from panel"}}
[2026-05-18 10:20:35] Panel user data not found for invoice | {"id_invoice":"8457edfd990c5e3d","username":"qzw3q3p5","panel":"پنل دوم","response":{"status":"Unsuccessful","msg":"empty or unexpected response from panel"}}
[2026-05-18 10:20:43] Panel user data not found for invoice | {"id_invoice":"c57fb141421e1504","username":"2skx5qfa","panel":"پنل اول","response":{"status":"Unsuccessful","msg":"empty or unexpected response from panel"}}
[2026-05-18 10:20:50] Panel user data not found for invoice | {"id_invoice":"b381","username":"1201211766_39f3","panel":"پنل اول","response":{"status":"Unsuccessful","msg":"empty or unexpected response from panel"}}
[2026-05-18 10:25:28] Panel user data not found for invoice | {"id_invoice":"0dc2599eb459e6f6","username":"q6w3kjtw","panel":"پنل دوم","response":{"status":"Unsuccessful","msg":"empty or unexpected response from panel"}}
[2026-05-18 10:25:46] Panel user data not found for invoice | {"id_invoice":"8457edfd990c5e3d","username":"qzw3q3p5","panel":"پنل دوم","response":{"status":"Unsuccessful","msg":"empty or unexpected response from panel"}}
[2026-05-18 10:31:16] Panel user data not found for invoice | {"id_invoice":"c57fb141421e1504","username":"2skx5qfa","panel":"پنل اول","response":{"status":"Unsuccessful","msg":"empty or unexpected response from panel"}}
[2026-05-18 10:31:35] Panel user data not found for invoice | {"id_invoice":"b381","username":"1201211766_39f3","panel":"پنل اول","response":{"status":"Unsuccessful","msg":"empty or unexpected response from panel"}}
[2026-05-18 10:35:07] Panel user data not found for invoice | {"id_invoice":"0dc2599eb459e6f6","username":"q6w3kjtw","panel":"پنل دوم","response":{"status":"Unsuccessful","msg":"empty or unexpected response from panel"}}
[2026-05-18 10:35:08] Panel user data not found for invoice | {"id_invoice":"8457edfd990c5e3d","username":"qzw3q3p5","panel":"پنل دوم","response":{"status":"Unsuccessful","msg":"empty or unexpected response from panel"}}
[2026-05-18 10:35:08] Panel user data not found for invoice | {"id_invoice":"c57fb141421e1504","username":"2skx5qfa","panel":"پنل اول","response":{"status":"Unsuccessful","msg":"empty or unexpected response from panel"}}
[2026-05-18 10:35:09] Panel user data not found for invoice | {"id_invoice":"b381","username":"1201211766_39f3","panel":"پنل اول","response":{"status":"Unsuccessful","msg":"empty or unexpected response from panel"}}
[2026-05-18 10:40:11] Panel user data not found for invoice | {"id_invoice":"0dc2599eb459e6f6","username":"q6w3kjtw","panel":"پنل دوم","response":{"status":"Unsuccessful","msg":"empty or unexpected response from panel"}}
[2026-05-18 10:50:55] Panel user data not found for invoice | {"id_invoice":"8457edfd990c5e3d","username":"qzw3q3p5","panel":"پنل دوم","response":{"status":"Unsuccessful","msg":"empty or unexpected response from panel"}}
[2026-05-18 11:05:49] Panel user data not found for invoice | {"id_invoice":"0dc2599eb459e6f6","username":"q6w3kjtw","panel":"پنل دوم","response":{"status":"Unsuccessful","msg":"empty or unexpected response from panel"}}
[2026-05-18 11:15:22] Panel user data not found for invoice | {"id_invoice":"0dc2599eb459e6f6","username":"q6w3kjtw","panel":"پنل دوم","response":{"status":"Unsuccessful","msg":"empty or unexpected response from panel"}}
[2026-05-18 11:25:10] Panel user data not found for invoice | {"id_invoice":"0dc2599eb459e6f6","username":"q6w3kjtw","panel":"پنل دوم","response":{"status":"Unsuccessful","msg":"empty or unexpected response from panel"}}
[2026-05-18 11:30:56] Panel user data not found for invoice | {"id_invoice":"c57fb141421e1504","username":"2skx5qfa","panel":"پنل اول","response":{"status":"Unsuccessful","msg":"empty or unexpected response from panel"}}
[2026-05-18 11:36:23] Panel user data not found for invoice | {"id_invoice":"c57fb141421e1504","username":"2skx5qfa","panel":"پنل اول","response":{"status":"Unsuccessful","msg":"empty or unexpected response from panel"}}
[2026-05-18 11:36:41] Panel user data not found for invoice | {"id_invoice":"b381","username":"1201211766_39f3","panel":"پنل اول","response":{"status":"Unsuccessful","msg":"empty or unexpected response from panel"}}
[2026-05-18 11:45:10] Panel user data not found for invoice | {"id_invoice":"0dc2599eb459e6f6","username":"q6w3kjtw","panel":"پنل دوم","response":{"status":"Unsuccessful","msg":"empty or unexpected response from panel"}}
[2026-05-18 11:46:01] Panel user data not found for invoice | {"id_invoice":"c57fb141421e1504","username":"2skx5qfa","panel":"پنل اول","response":{"status":"Unsuccessful","msg":"empty or unexpected response from panel"}}
[2026-05-18 11:46:50] Panel user data not found for invoice | {"id_invoice":"b381","username":"1201211766_39f3","panel":"پنل اول","response":{"status":"Unsuccessful","msg":"empty or unexpected response from panel"}}
[2026-05-18 11:50:31] Panel user data not found for invoice | {"id_invoice":"8457edfd990c5e3d","username":"qzw3q3p5","panel":"پنل دوم","response":{"status":"Unsuccessful","msg":"empty or unexpected response from panel"}}
[2026-05-18 11:50:39] Panel user data not found for invoice | {"id_invoice":"c57fb141421e1504","username":"2skx5qfa","panel":"پنل اول","response":{"status":"Unsuccessful","msg":"empty or unexpected response from panel"}}
[2026-05-18 11:55:42] Panel user data not found for invoice | {"id_invoice":"8457edfd990c5e3d","username":"qzw3q3p5","panel":"پنل دوم","response":{"status":"Unsuccessful","msg":"empty or unexpected response from panel"}}
[2026-05-18 11:55:55] Panel user data not found for invoice | {"id_invoice":"c57fb141421e1504","username":"2skx5qfa","panel":"پنل اول","response":{"status":"Unsuccessful","msg":"empty or unexpected response from panel"}}
[2026-05-18 11:56:14] Panel user data not found for invoice | {"id_invoice":"b381","username":"1201211766_39f3","panel":"پنل اول","response":{"status":"Unsuccessful","msg":"empty or unexpected response from panel"}}
[2026-05-18 12:00:10] Panel user data not found for invoice | {"id_invoice":"0dc2599eb459e6f6","username":"q6w3kjtw","panel":"پنل دوم","response":{"status":"Unsuccessful","msg":"empty or unexpected response from panel"}}
[2026-05-18 12:00:52] Panel user data not found for invoice | {"id_invoice":"c57fb141421e1504","username":"2skx5qfa","panel":"پنل اول","response":{"status":"Unsuccessful","msg":"empty or unexpected response from panel"}}
[2026-05-18 12:05:56] Panel user data not found for invoice | {"id_invoice":"c57fb141421e1504","username":"2skx5qfa","panel":"پنل اول","response":{"status":"Unsuccessful","msg":"empty or unexpected response from panel"}}
[2026-05-18 12:06:05] Panel user data not found for invoice | {"id_invoice":"b381","username":"1201211766_39f3","panel":"پنل اول","response":{"status":"Unsuccessful","msg":"empty or unexpected response from panel"}}
[2026-05-18 12:10:32] Panel user data not found for invoice | {"id_invoice":"8457edfd990c5e3d","username":"qzw3q3p5","panel":"پنل دوم","response":{"status":"Unsuccessful","msg":"empty or unexpected response from panel"}}
[2026-05-18 12:16:12] Panel user data not found for invoice | {"id_invoice":"b381","username":"1201211766_39f3","panel":"پنل اول","response":{"status":"Unsuccessful","msg":"empty or unexpected response from panel"}}
[2026-05-18 12:25:53] Panel user data not found for invoice | {"id_invoice":"c57fb141421e1504","username":"2skx5qfa","panel":"پنل اول","response":{"status":"Unsuccessful","msg":"empty or unexpected response from panel"}}
[2026-05-18 12:26:01] Panel user data not found for invoice | {"id_invoice":"b381","username":"1201211766_39f3","panel":"پنل اول","response":{"status":"Unsuccessful","msg":"empty or unexpected response from panel"}}
[2026-05-18 12:31:21] Panel user data not found for invoice | {"id_invoice":"b381","username":"1201211766_39f3","panel":"پنل اول","response":{"status":"Unsuccessful","msg":"empty or unexpected response from panel"}}
[2026-05-18 12:35:09] Panel user data not found for invoice | {"id_invoice":"0dc2599eb459e6f6","username":"q6w3kjtw","panel":"پنل دوم","response":{"status":"Unsuccessful","msg":"empty or unexpected response from panel"}}
[2026-05-18 12:36:13] Panel user data not found for invoice | {"id_invoice":"b381","username":"1201211766_39f3","panel":"پنل اول","response":{"status":"Unsuccessful","msg":"empty or unexpected response from panel"}}
[2026-05-18 12:40:17] Panel user data not found for invoice | {"id_invoice":"0dc2599eb459e6f6","username":"q6w3kjtw","panel":"پنل دوم","response":{"status":"Unsuccessful","msg":"empty or unexpected response from panel"}}
[2026-05-18 12:40:27] Panel user data not found for invoice | {"id_invoice":"8457edfd990c5e3d","username":"qzw3q3p5","panel":"پنل دوم","response":{"status":"Unsuccessful","msg":"empty or unexpected response from panel"}}
[2026-05-18 12:55:41] Panel user data not found for invoice | {"id_invoice":"8457edfd990c5e3d","username":"qzw3q3p5","panel":"پنل دوم","response":{"status":"Unsuccessful","msg":"empty or unexpected response from panel"}}
[2026-05-18 12:55:53] Panel user data not found for invoice | {"id_invoice":"c57fb141421e1504","username":"2skx5qfa","panel":"پنل اول","response":{"status":"Unsuccessful","msg":"empty or unexpected response from panel"}}
[2026-05-18 13:05:10] Panel user data not found for invoice | {"id_invoice":"0dc2599eb459e6f6","username":"q6w3kjtw","panel":"پنل دوم","response":{"status":"Unsuccessful","msg":"empty or unexpected response from panel"}}
[2026-05-18 13:05:17] Panel user data not found for invoice | {"id_invoice":"8457edfd990c5e3d","username":"qzw3q3p5","panel":"پنل دوم","response":{"status":"Unsuccessful","msg":"empty or unexpected response from panel"}}
[2026-05-18 13:05:36] Panel user data not found for invoice | {"id_invoice":"c57fb141421e1504","username":"2skx5qfa","panel":"پنل اول","response":{"status":"Unsuccessful","msg":"empty or unexpected response from panel"}}
[2026-05-18 13:10:22] Panel user data not found for invoice | {"id_invoice":"0dc2599eb459e6f6","username":"q6w3kjtw","panel":"پنل دوم","response":{"status":"Unsuccessful","msg":"empty or unexpected response from panel"}}
[2026-05-18 13:10:38] Panel user data not found for invoice | {"id_invoice":"8457edfd990c5e3d","username":"qzw3q3p5","panel":"پنل دوم","response":{"status":"Unsuccessful","msg":"empty or unexpected response from panel"}}
[2026-05-18 13:15:43] Panel user data not found for invoice | {"id_invoice":"8457edfd990c5e3d","username":"qzw3q3p5","panel":"پنل دوم","response":{"status":"Unsuccessful","msg":"empty or unexpected response from panel"}}
[2026-05-18 13:15:55] Panel user data not found for invoice | {"id_invoice":"c57fb141421e1504","username":"2skx5qfa","panel":"پنل اول","response":{"status":"Unsuccessful","msg":"empty or unexpected response from panel"}}
[2026-05-18 13:20:49] Panel user data not found for invoice | {"id_invoice":"c57fb141421e1504","username":"2skx5qfa","panel":"پنل اول","response":{"status":"Unsuccessful","msg":"empty or unexpected response from panel"}}
[2026-05-18 13:21:06] Panel user data not found for invoice | {"id_invoice":"b381","username":"1201211766_39f3","panel":"پنل اول","response":{"status":"Unsuccessful","msg":"empty or unexpected response from panel"}}
[2026-05-18 13:25:52] Panel user data not found for invoice | {"id_invoice":"0dc2599eb459e6f6","username":"q6w3kjtw","panel":"پنل دوم","response":{"status":"Unsuccessful","msg":"empty or unexpected response from panel"}}
[2026-05-18 13:26:11] Panel user data not found for invoice | {"id_invoice":"8457edfd990c5e3d","username":"qzw3q3p5","panel":"پنل دوم","response":{"status":"Unsuccessful","msg":"empty or unexpected response from panel"}}
[2026-05-18 13:26:56] Panel user data not found for invoice | {"id_invoice":"b381","username":"1201211766_39f3","panel":"پنل اول","response":{"status":"Unsuccessful","msg":"empty or unexpected response from panel"}}
[2026-05-18 13:35:24] Panel user data not found for invoice | {"id_invoice":"0dc2599eb459e6f6","username":"q6w3kjtw","panel":"پنل دوم","response":{"status":"Unsuccessful","msg":"empty or unexpected response from panel"}}
[2026-05-18 13:35:30] Panel user data not found for invoice | {"id_invoice":"8457edfd990c5e3d","username":"qzw3q3p5","panel":"پنل دوم","response":{"status":"Unsuccessful","msg":"empty or unexpected response from panel"}}
[2026-05-18 13:35:49] Panel user data not found for invoice | {"id_invoice":"c57fb141421e1504","username":"2skx5qfa","panel":"پنل اول","response":{"status":"Unsuccessful","msg":"empty or unexpected response from panel"}}
[2026-05-18 13:36:01] Panel user data not found for invoice | {"id_invoice":"b381","username":"1201211766_39f3","panel":"پنل اول","response":{"status":"Unsuccessful","msg":"empty or unexpected response from panel"}}
[2026-05-18 13:55:17] Panel user data not found for invoice | {"id_invoice":"0dc2599eb459e6f6","username":"q6w3kjtw","panel":"پنل دوم","response":{"status":"Unsuccessful","msg":"empty or unexpected response from panel"}}
[2026-05-18 13:56:28] Panel user data not found for invoice | {"id_invoice":"b381","username":"1201211766_39f3","panel":"پنل اول","response":{"status":"Unsuccessful","msg":"empty or unexpected response from panel"}}
[2026-05-18 14:05:52] Panel user data not found for invoice | {"id_invoice":"0dc2599eb459e6f6","username":"q6w3kjtw","panel":"پنل دوم","response":{"status":"Unsuccessful","msg":"empty or unexpected response from panel"}}
[2026-05-18 14:06:11] Panel user data not found for invoice | {"id_invoice":"8457edfd990c5e3d","username":"qzw3q3p5","panel":"پنل دوم","response":{"status":"Unsuccessful","msg":"empty or unexpected response from panel"}}
[2026-05-18 14:06:24] Panel user data not found for invoice | {"id_invoice":"c57fb141421e1504","username":"2skx5qfa","panel":"پنل اول","response":{"status":"Unsuccessful","msg":"empty or unexpected response from panel"}}
[2026-05-18 14:06:33] Panel user data not found for invoice | {"id_invoice":"b381","username":"1201211766_39f3","panel":"پنل اول","response":{"status":"Unsuccessful","msg":"empty or unexpected response from panel"}}
[2026-05-18 14:10:18] Panel user data not found for invoice | {"id_invoice":"0dc2599eb459e6f6","username":"q6w3kjtw","panel":"پنل دوم","response":{"status":"Unsuccessful","msg":"empty or unexpected response from panel"}}
